<?xml version="1.0" encoding="UTF-8"?>
<testsuites name="Mocha Tests" time="2.479" tests="42" failures="0">
  <testsuite name="Root Suite" timestamp="2018-10-17T15:13:27" tests="0" failures="0" time="0">
  </testsuite>
  <testsuite name="Contract: BondingCurveFunds" timestamp="2018-10-17T15:13:27" tests="5" file="/Users/david/Documents/Documents - David’s MacBook Pro/GitHub/KhanaFramework/KhanaFramework/Khana POC/test/BondingCurveFundsTest.js" failures="0" time="0.316">
    <testcase name="Contract: BondingCurveFunds should not be able to send ETH out of contract by calling directly" time="0.128" classname="should not be able to send ETH out of contract by calling directly">
    </testcase>
    <testcase name="Contract: BondingCurveFunds should not be able to change &apos;token contract&apos;" time="0.019" classname="should not be able to change &apos;token contract&apos;">
    </testcase>
    <testcase name="Contract: BondingCurveFunds should be able to change &apos;token contract&apos; (as owner)" time="0.036" classname="should be able to change &apos;token contract&apos; (as owner)">
    </testcase>
    <testcase name="Contract: BondingCurveFunds should not be able to change contract state (emergency stop)" time="0.059" classname="should not be able to change contract state (emergency stop)">
    </testcase>
    <testcase name="Contract: BondingCurveFunds should be able to change contract state (resume contract)" time="0.074" classname="should be able to change contract state (resume contract)">
    </testcase>
  </testsuite>
  <testsuite name="Contract: KhanaToken" timestamp="2018-10-17T15:13:27" tests="16" file="/Users/david/Documents/Documents - David’s MacBook Pro/GitHub/KhanaFramework/KhanaFramework/Khana POC/test/KhanaTokenTest.js" failures="0" time="1.019">
    <testcase name="Contract: KhanaToken should not yet be admin" time="0.014" classname="should not yet be admin">
    </testcase>
    <testcase name="Contract: KhanaToken should be able to set new admin (as owner)" time="0.048" classname="should be able to set new admin (as owner)">
    </testcase>
    <testcase name="Contract: KhanaToken should be able to award new tokens (as owner)" time="0.051" classname="should be able to award new tokens (as owner)">
    </testcase>
    <testcase name="Contract: KhanaToken should be able to award new tokens (as new admin)" time="0.059" classname="should be able to award new tokens (as new admin)">
    </testcase>
    <testcase name="Contract: KhanaToken should be able to set new admin (as new admin)" time="0.061" classname="should be able to set new admin (as new admin)">
    </testcase>
    <testcase name="Contract: KhanaToken should be able to remove admin (as new admin)" time="0.056" classname="should be able to remove admin (as new admin)">
    </testcase>
    <testcase name="Contract: KhanaToken should not be able to remove original owner (as new admin)" time="0.031" classname="should not be able to remove original owner (as new admin)">
    </testcase>
    <testcase name="Contract: KhanaToken should not be able to award any more tokens (emergency stop)" time="0.088" classname="should not be able to award any more tokens (emergency stop)">
    </testcase>
    <testcase name="Contract: KhanaToken should not be able to sell any more tokens (emergency stop)" time="0.03" classname="should not be able to sell any more tokens (emergency stop)">
    </testcase>
    <testcase name="Contract: KhanaToken should not be able to call functions of funds contract (when in emergency stop)" time="0.023" classname="should not be able to call functions of funds contract (when in emergency stop)">
    </testcase>
    <testcase name="Contract: KhanaToken should be able restore awarding of tokens (contract enabled)" time="0.123" classname="should be able restore awarding of tokens (contract enabled)">
    </testcase>
    <testcase name="Contract: KhanaToken should be able to fund bonding curve by sending ETH (contract enabled)" time="0.099" classname="should be able to fund bonding curve by sending ETH (contract enabled)">
    </testcase>
    <testcase name="Contract: KhanaToken should be able to sell tokens (contract enabled)" time="0.222" classname="should be able to sell tokens (contract enabled)">
    </testcase>
    <testcase name="Contract: KhanaToken should be able to remove admin (as owner)" time="0.055" classname="should be able to remove admin (as owner)">
    </testcase>
    <testcase name="Contract: KhanaToken should be able to check supply accurately" time="0.009" classname="should be able to check supply accurately">
    </testcase>
    <testcase name="Contract: KhanaToken should be able to burn tokens (as owner)" time="0.05" classname="should be able to burn tokens (as owner)">
    </testcase>
  </testsuite>
  <testsuite name="Contract: BlockDamBondingCurveFunds" timestamp="2018-10-17T15:13:29" tests="5" file="/Users/david/Documents/Documents - David’s MacBook Pro/GitHub/KhanaFramework/KhanaFramework/Khana POC/test/BlockDam/BlockDamBondingCurveFundsTest.js" failures="0" time="0.29300000000000004">
    <testcase name="Contract: BlockDamBondingCurveFunds should not be able to send ETH out of contract by calling directly" time="0.124" classname="should not be able to send ETH out of contract by calling directly">
    </testcase>
    <testcase name="Contract: BlockDamBondingCurveFunds should not be able to change &apos;token contract&apos;" time="0.016" classname="should not be able to change &apos;token contract&apos;">
    </testcase>
    <testcase name="Contract: BlockDamBondingCurveFunds should be able to change &apos;token contract&apos; (as owner)" time="0.036" classname="should be able to change &apos;token contract&apos; (as owner)">
    </testcase>
    <testcase name="Contract: BlockDamBondingCurveFunds should not be able to change contract state (emergency stop)" time="0.049" classname="should not be able to change contract state (emergency stop)">
    </testcase>
    <testcase name="Contract: BlockDamBondingCurveFunds should be able to change contract state (resume contract)" time="0.068" classname="should be able to change contract state (resume contract)">
    </testcase>
  </testsuite>
  <testsuite name="Contract: BlockDamToken" timestamp="2018-10-17T15:13:29" tests="16" file="/Users/david/Documents/Documents - David’s MacBook Pro/GitHub/KhanaFramework/KhanaFramework/Khana POC/test/BlockDam/BlockDamTokenTest.js" failures="0" time="0.851">
    <testcase name="Contract: BlockDamToken should not yet be admin" time="0.012" classname="should not yet be admin">
    </testcase>
    <testcase name="Contract: BlockDamToken should be able to set new admin (as owner)" time="0.043" classname="should be able to set new admin (as owner)">
    </testcase>
    <testcase name="Contract: BlockDamToken should be able to award new tokens (as owner)" time="0.049" classname="should be able to award new tokens (as owner)">
    </testcase>
    <testcase name="Contract: BlockDamToken should be able to award new tokens (as new admin)" time="0.044" classname="should be able to award new tokens (as new admin)">
    </testcase>
    <testcase name="Contract: BlockDamToken should be able to set new admin (as new admin)" time="0.053" classname="should be able to set new admin (as new admin)">
    </testcase>
    <testcase name="Contract: BlockDamToken should be able to remove admin (as new admin)" time="0.05" classname="should be able to remove admin (as new admin)">
    </testcase>
    <testcase name="Contract: BlockDamToken should not be able to remove original owner (as new admin)" time="0.015" classname="should not be able to remove original owner (as new admin)">
    </testcase>
    <testcase name="Contract: BlockDamToken should not be able to award any more tokens (emergency stop)" time="0.058" classname="should not be able to award any more tokens (emergency stop)">
    </testcase>
    <testcase name="Contract: BlockDamToken should not be able to sell any more tokens (emergency stop)" time="0.017" classname="should not be able to sell any more tokens (emergency stop)">
    </testcase>
    <testcase name="Contract: BlockDamToken should not be able to call functions of funds contract (when in emergency stop)" time="0.014" classname="should not be able to call functions of funds contract (when in emergency stop)">
    </testcase>
    <testcase name="Contract: BlockDamToken should be able restore awarding of tokens (contract enabled)" time="0.094" classname="should be able restore awarding of tokens (contract enabled)">
    </testcase>
    <testcase name="Contract: BlockDamToken should be able to fund bonding curve by sending ETH (contract enabled)" time="0.085" classname="should be able to fund bonding curve by sending ETH (contract enabled)">
    </testcase>
    <testcase name="Contract: BlockDamToken should be able to sell tokens (contract enabled)" time="0.181" classname="should be able to sell tokens (contract enabled)">
    </testcase>
    <testcase name="Contract: BlockDamToken should be able to remove admin (as owner)" time="0.063" classname="should be able to remove admin (as owner)">
    </testcase>
    <testcase name="Contract: BlockDamToken should be able to check supply accurately" time="0.013" classname="should be able to check supply accurately">
    </testcase>
    <testcase name="Contract: BlockDamToken should be able to burn tokens (as owner)" time="0.06" classname="should be able to burn tokens (as owner)">
    </testcase>
  </testsuite>
</testsuites>